<?xml version="1.0" encoding="UTF-8"?>
<!-- Generated by org.testng.reporters.JUnitXMLReporter -->
<testsuite ignored="0" hostname="DESKTOP-J2R2MEM" failures="0" tests="7" name="test" time="24.967" errors="0" timestamp="2020-06-08T23:33:34 GMT+04:00">
  <testcase classname="lab6.Positiv" name="task1" time="5.88"/>
  <testcase classname="lab6.Positiv" name="task2" time="1.987"/>
  <testcase classname="lab6.Positiv" name="task3" time="3.151"/>
  <testcase classname="lab6.Positiv" name="task4" time="3.139"/>
  <testcase classname="lab6.Positiv" name="task4" time="2.627"/>
  <testcase classname="lab6.Positiv" name="task5" time="1.858"/>
  <testcase classname="lab6.Positiv" name="task6" time="2.781"/>
</testsuite> <!-- test -->
