<?xml version="1.0" encoding="UTF-8"?>
<testng-results ignored="0" total="11" passed="11" failed="0" skipped="0">
  <reporter-output>
  </reporter-output>
  <suite started-at="2020-06-08T23:33:09 GMT+04:00" name="Suite1" finished-at="2020-06-08T23:33:42 GMT+04:00" duration-ms="33165">
    <groups>
    </groups>
    <test started-at="2020-06-08T23:33:09 GMT+04:00" name="test" finished-at="2020-06-08T23:33:34 GMT+04:00" duration-ms="24967">
      <class name="lab6.Positiv">
        <test-method is-config="true" signature="beforeClass()[pri:0, instance:lab6.Positiv@1a38c59b]" started-at="2020-06-08T23:33:09 GMT+04:00" name="beforeClass" finished-at="2020-06-08T23:33:10 GMT+04:00" duration-ms="833" status="PASS">
          <reporter-output>
          </reporter-output>
        </test-method> <!-- beforeClass -->
        <test-method signature="task1()[pri:0, instance:lab6.Positiv@1a38c59b]" started-at="2020-06-08T23:33:10 GMT+04:00" name="task1" finished-at="2020-06-08T23:33:16 GMT+04:00" duration-ms="5880" status="PASS">
          <reporter-output>
          </reporter-output>
        </test-method> <!-- task1 -->
        <test-method signature="task2(java.lang.String)[pri:0, instance:lab6.Positiv@1a38c59b]" started-at="2020-06-08T23:33:16 GMT+04:00" name="task2" data-provider="data1" finished-at="2020-06-08T23:33:18 GMT+04:00" duration-ms="1987" status="PASS">
          <params>
            <param index="0">
              <value>
                <![CDATA[Rikk]]>
              </value>
            </param>
          </params>
          <reporter-output>
          </reporter-output>
        </test-method> <!-- task2 -->
        <test-method signature="task3(java.lang.String, java.lang.String, java.lang.String, java.lang.String, java.lang.String, java.lang.String)[pri:0, instance:lab6.Positiv@1a38c59b]" started-at="2020-06-08T23:33:18 GMT+04:00" name="task3" data-provider="data2" finished-at="2020-06-08T23:33:21 GMT+04:00" duration-ms="3151" status="PASS">
          <params>
            <param index="0">
              <value>
                <![CDATA[Rikk]]>
              </value>
            </param>
            <param index="1">
              <value>
                <![CDATA[Sanches]]>
              </value>
            </param>
            <param index="2">
              <value>
                <![CDATA[male]]>
              </value>
            </param>
            <param index="3">
              <value>
                <![CDATA[2000-10-11]]>
              </value>
            </param>
            <param index="4">
              <value>
                <![CDATA[0.1854148174066832@example.com]]>
              </value>
            </param>
            <param index="5">
              <value>
                <![CDATA[+8 (495) 252-34-62]]>
              </value>
            </param>
          </params>
          <reporter-output>
          </reporter-output>
        </test-method> <!-- task3 -->
        <test-method signature="task4(java.lang.String)[pri:0, instance:lab6.Positiv@1a38c59b]" started-at="2020-06-08T23:33:21 GMT+04:00" name="task4" data-provider="data3" finished-at="2020-06-08T23:33:24 GMT+04:00" duration-ms="3139" status="PASS">
          <params>
            <param index="0">
              <value>
                <![CDATA[0]]>
              </value>
            </param>
          </params>
          <reporter-output>
          </reporter-output>
        </test-method> <!-- task4 -->
        <test-method signature="task4(java.lang.String)[pri:0, instance:lab6.Positiv@1a38c59b]" started-at="2020-06-08T23:33:24 GMT+04:00" name="task4" data-provider="data3" finished-at="2020-06-08T23:33:27 GMT+04:00" duration-ms="2627" status="PASS">
          <params>
            <param index="0">
              <value>
                <![CDATA[31364]]>
              </value>
            </param>
          </params>
          <reporter-output>
          </reporter-output>
        </test-method> <!-- task4 -->
        <test-method signature="task5(int, java.lang.String, java.lang.String, java.lang.String, java.lang.String, java.lang.String, java.lang.String)[pri:0, instance:lab6.Positiv@1a38c59b]" started-at="2020-06-08T23:33:27 GMT+04:00" name="task5" data-provider="data4" finished-at="2020-06-08T23:33:29 GMT+04:00" duration-ms="1858" status="PASS">
          <params>
            <param index="0">
              <value>
                <![CDATA[31364]]>
              </value>
            </param>
            <param index="1">
              <value>
                <![CDATA[Morti]]>
              </value>
            </param>
            <param index="2">
              <value>
                <![CDATA[Sanches]]>
              </value>
            </param>
            <param index="3">
              <value>
                <![CDATA[male]]>
              </value>
            </param>
            <param index="4">
              <value>
                <![CDATA[2010-10-11]]>
              </value>
            </param>
            <param index="5">
              <value>
                <![CDATA[0.11388057419548425@example.com]]>
              </value>
            </param>
            <param index="6">
              <value>
                <![CDATA[+8 (495) 252-34-62]]>
              </value>
            </param>
          </params>
          <reporter-output>
          </reporter-output>
        </test-method> <!-- task5 -->
        <test-method signature="task6(int)[pri:0, instance:lab6.Positiv@1a38c59b]" started-at="2020-06-08T23:33:31 GMT+04:00" name="task6" data-provider="data5" finished-at="2020-06-08T23:33:34 GMT+04:00" duration-ms="2781" status="PASS">
          <params>
            <param index="0">
              <value>
                <![CDATA[31396]]>
              </value>
            </param>
          </params>
          <reporter-output>
          </reporter-output>
        </test-method> <!-- task6 -->
      </class> <!-- lab6.Positiv -->
    </test> <!-- test -->
    <test started-at="2020-06-08T23:33:34 GMT+04:00" name="testNegative" finished-at="2020-06-08T23:33:42 GMT+04:00" duration-ms="8102">
      <class name="lab6.Negative">
        <test-method signature="test1()[pri:0, instance:lab6.Negative@212bf671]" started-at="2020-06-08T23:33:34 GMT+04:00" name="test1" finished-at="2020-06-08T23:33:36 GMT+04:00" duration-ms="1951" status="PASS">
          <reporter-output>
          </reporter-output>
        </test-method> <!-- test1 -->
        <test-method is-config="true" signature="beforeClass()[pri:0, instance:lab6.Negative@212bf671]" started-at="2020-06-08T23:33:34 GMT+04:00" name="beforeClass" finished-at="2020-06-08T23:33:34 GMT+04:00" duration-ms="0" status="PASS">
          <reporter-output>
          </reporter-output>
        </test-method> <!-- beforeClass -->
        <test-method signature="test2()[pri:0, instance:lab6.Negative@212bf671]" started-at="2020-06-08T23:33:36 GMT+04:00" name="test2" finished-at="2020-06-08T23:33:39 GMT+04:00" duration-ms="2358" status="PASS">
          <reporter-output>
          </reporter-output>
        </test-method> <!-- test2 -->
        <test-method signature="test3(java.lang.String, java.lang.String, java.lang.String, java.lang.String, java.lang.String, java.lang.String)[pri:0, instance:lab6.Negative@212bf671]" started-at="2020-06-08T23:33:39 GMT+04:00" name="test3" data-provider="data1" finished-at="2020-06-08T23:33:41 GMT+04:00" duration-ms="1945" status="PASS">
          <params>
            <param index="0">
              <value>
                <![CDATA[name1]]>
              </value>
            </param>
            <param index="1">
              <value>
                <![CDATA[name2]]>
              </value>
            </param>
            <param index="2">
              <value>
                <![CDATA[female]]>
              </value>
            </param>
            <param index="3">
              <value>
                <![CDATA[2000-00-00]]>
              </value>
            </param>
            <param index="4">
              <value>
                <![CDATA[roberto39@example.org]]>
              </value>
            </param>
            <param index="5">
              <value>
                <![CDATA[+8 900 123-324-41]]>
              </value>
            </param>
          </params>
          <reporter-output>
          </reporter-output>
        </test-method> <!-- test3 -->
        <test-method signature="test4(int)[pri:0, instance:lab6.Negative@212bf671]" started-at="2020-06-08T23:33:41 GMT+04:00" name="test4" data-provider="data2" finished-at="2020-06-08T23:33:42 GMT+04:00" duration-ms="1829" status="PASS">
          <params>
            <param index="0">
              <value>
                <![CDATA[0]]>
              </value>
            </param>
          </params>
          <reporter-output>
          </reporter-output>
        </test-method> <!-- test4 -->
      </class> <!-- lab6.Negative -->
    </test> <!-- testNegative -->
  </suite> <!-- Suite1 -->
</testng-results>
