<?xml version="1.0" encoding="UTF-8"?>
<testsuite xmlns:xsi="http://www.w3.org/2001/XMLSchema-instance" xsi:noNamespaceSchemaLocation="https://maven.apache.org/surefire/maven-surefire-plugin/xsd/surefire-test-report-3.0.xsd" version="3.0" name="TestSuite" time="34.559" tests="11" errors="0" skipped="0" failures="0">
  <properties>
[...]
</properties>
  <testcase name="task1" classname="lab6.Positiv" time="6.028"/>
  <testcase name="task2" classname="lab6.Positiv" time="1.937"/>
  <testcase name="task3" classname="lab6.Positiv" time="3.089"/>
  <testcase name="task4" classname="lab6.Positiv" time="3.144"/>
  <testcase name="task4" classname="lab6.Positiv" time="2.622"/>
  <testcase name="task5" classname="lab6.Positiv" time="1.858"/>
  <testcase name="task6" classname="lab6.Positiv" time="2.785"/>
  <testcase name="test1" classname="lab6.Negative" time="1.966"/>
  <testcase name="test2" classname="lab6.Negative" time="2.358"/>
  <testcase name="test3" classname="lab6.Negative" time="1.945"/>
  <testcase name="test4" classname="lab6.Negative" time="1.829"/>
</testsuite>